Arguments: 
  /Applications/Framer X.app/Contents/Resources/Node/bin/node /Applications/Framer X.app/Contents/Resources/Server/node_modules/yarn/lib/cli.js outdated --cwd /Users/marcgstohl/Library/Autosave Information/Framer-2217A689-FF32-41DD-9525-03CE6DFC0E0D/container --skip-integrity-check --cache-folder /Users/marcgstohl/Library/Caches/Framer/yarn/cache --mutex file:/Users/marcgstohl/Library/Caches/Framer/yarn/mutex --json

PATH: 
  /usr/bin:/bin:/usr/sbin:/sbin

Yarn version: 
  1.9.4

Node version: 
  8.11.2

Platform: 
  darwin x64

Trace: 
  Error: getaddrinfo ENOTFOUND registry.framer.com registry.framer.com:443
      at errnoException (dns.js:50:10)
      at GetAddrInfoReqWrap.onlookup [as oncomplete] (dns.js:92:26)

npm manifest: 
  {
  	"main": "build/index.js",
  	"license": "MIT",
  	"devDependencies": {
  		"@framer/framer.device-skin-apple-iphone8-gold": "^1.0.0",
  		"@framer/framer.device-skin-apple-iphone8-silver": "^1.0.0",
  		"@framer/framer.device-skin-apple-iphone8-space-gray": "^1.0.0",
  		"@types/react": "^16.0.31",
  		"framer": "^0.9.1"
  	},
  	"peerDependencies": {
  		"framer": "^0.9.1",
  		"react": "^16.3.0",
  		"react-dom": "^16.3.0"
  	},
  	"framer": {
  		"id": "c78e2f7b-1141-4e06-8de8-27dc5926d954"
  	},
  	"author": "Marc Gstöhl",
  	"dependencies": {
  		"@framer/anubisvic_ofx.interactive-form-elements": "^1.1.0",
  		"@framer/colebemis.feather-icons": "^1.2.0",
  		"@framer/deplodog.tag": "^1.7.0",
  		"@framer/edoardo.ios-kit": "^1.4.0",
  		"@framer/google.material-design": "^1.0.0",
  		"@framer/iconfinder.google-material-design-icons": "^1.1.0",
  		"@framer/nitin.simple-counter": "^1.0.0"
  	}
  }

yarn manifest: 
  No manifest

Lockfile: 
  # THIS IS AN AUTOGENERATED FILE. DO NOT EDIT THIS FILE DIRECTLY.
  # yarn lockfile v1
  
  
  "@babel/runtime@7.0.0":
    version "7.0.0"
    resolved "https://registry.yarnpkg.com/@babel/runtime/-/runtime-7.0.0.tgz#adeb78fedfc855aa05bc041640f3f6f98e85424c"
    dependencies:
      regenerator-runtime "^0.12.0"
  
  "@babel/runtime@7.0.0-beta.56":
    version "7.0.0-beta.56"
    resolved "https://registry.yarnpkg.com/@babel/runtime/-/runtime-7.0.0-beta.56.tgz#cda612dffd5b1719a7b8e91e3040bd6ae64de8b0"
    dependencies:
      regenerator-runtime "^0.12.0"
  
  "@babel/runtime@7.0.0-rc.1":
    version "7.0.0-rc.1"
    resolved "https://registry.yarnpkg.com/@babel/runtime/-/runtime-7.0.0-rc.1.tgz#42f36fc5817911c89ea75da2b874054922967616"
    dependencies:
      regenerator-runtime "^0.12.0"
  
  "@framer/anubisvic_ofx.interactive-form-elements@^1.1.0":
    version "1.1.0"
    resolved "https://registry.framer.com/@framer/anubisvic_ofx.interactive-form-elements/-/@framer/anubisvic_ofx.interactive-form-elements-1.1.0.tgz#c063a4a92110ce1f6cd01406454bc15c8cead496"
  
  "@framer/artem.material-ui@^1.0.0":
    version "1.1.0"
    resolved "https://registry.framer.com/@framer/artem.material-ui/-/@framer/artem.material-ui-1.1.0.tgz#b9a303cefb4ebd158cf4646668608af15cda3769"
    dependencies:
      "@material-ui/core" "^1.2.2"
  
  "@framer/colebemis.feather-icons@^1.2.0":
    version "1.2.0"
    resolved "https://registry.framer.com/@framer/colebemis.feather-icons/-/@framer/colebemis.feather-icons-1.2.0.tgz#45e46dc9c8d210cb2e4e052c76f4723882190786"
    dependencies:
      "@types/react" "^16.0.31"
      framer "^0.1.8"
      react "^16.3.0"
      react-dom "^16.3.0"
  
  "@framer/deplodog.tag@^1.7.0":
    version "1.7.0"
    resolved "https://registry.framer.com/@framer/deplodog.tag/-/@framer/deplodog.tag-1.7.0.tgz#d2cb4ac70327ddf81579f36f30dbb342fdf67c12"
  
  "@framer/edoardo.ios-kit@^1.1.0", "@framer/edoardo.ios-kit@^1.4.0":
    version "1.4.0"
    resolved "https://registry.framer.com/@framer/edoardo.ios-kit/-/@framer/edoardo.ios-kit-1.4.0.tgz#4baffb96845b3521edc45c46507761782708532e"
  
  "@framer/framer.device-hand-iphone-1@^1.0.0":
    version "1.0.0"
    resolved "https://registry.framer.com/@framer/framer.device-hand-iphone-1/-/@framer/framer.device-hand-iphone-1-1.0.0.tgz#0fbfd5313694b8834b91b138c9a961e59cfea1fd"
  
  "@framer/framer.device-skin-apple-iphone-x-space-gray@^1.0.0":
    version "1.0.0"
    resolved "https://registry.framer.com/@framer/framer.device-skin-apple-iphone-x-space-gray/-/@framer/framer.device-skin-apple-iphone-x-space-gray-1.0.0.tgz#6906d59f006b877acb3ff2a8c4177eeb13f623f9"
  
  "@framer/framer.device-skin-apple-iphone8-gold@^1.0.0":
    version "1.0.0"
    resolved "https://registry.framer.com/@framer/framer.device-skin-apple-iphone8-gold/-/@framer/framer.device-skin-apple-iphone8-gold-1.0.0.tgz#698d4b10e247e66d849e0ba5df0c457dc14cea0b"
  
  "@framer/framer.device-skin-apple-iphone8-silver@^1.0.0":
    version "1.0.0"
    resolved "https://registry.framer.com/@framer/framer.device-skin-apple-iphone8-silver/-/@framer/framer.device-skin-apple-iphone8-silver-1.0.0.tgz#f120cfe6d8cf96ead1f656ab7eeddb23d0644ac1"
  
  "@framer/framer.device-skin-apple-iphone8-space-gray@^1.0.0":
    version "1.0.0"
    resolved "https://registry.framer.com/@framer/framer.device-skin-apple-iphone8-space-gray/-/@framer/framer.device-skin-apple-iphone8-space-gray-1.0.0.tgz#336e100533d33e4fc7cd10507ccf64a8bc96637a"
  
  "@framer/framer.examples@^1.3.5":
    version "1.5.0"
    resolved "https://registry.framer.com/@framer/framer.examples/-/@framer/framer.examples-1.5.0.tgz#3895e6052f47697f353cc18d48694049b473b047"
  
  "@framer/google.material-design@^1.0.0":
    version "1.0.0"
    resolved "https://registry.framer.com/@framer/google.material-design/-/@framer/google.material-design-1.0.0.tgz#cc7f1df1783659972bffe7ba0e224489c6cc9113"
    dependencies:
      "@material/button" "^0.39.0"
      "@material/card" "^0.39.0"
      "@material/checkbox" "^0.39.1"
      "@material/fab" "^0.39.0"
      "@material/form-field" "^0.39.1"
      "@material/icon-button" "^0.39.0"
      "@material/react-button" "^0.4.2"
      "@material/react-material-icon" "^0.4.2"
      "@material/react-select" "^0.4.2"
      "@material/react-text-field" "^0.4.2"
      "@material/react-top-app-bar" "^0.4.2"
      "@material/ripple" "^0.39.0"
      "@material/select" "^0.39.1"
      "@material/slider" "^0.39.1"
      "@material/switch" "^0.39.1"
      "@material/textfield" "^0.39.1"
      "@material/typography" "^0.39.0"
      styled-components "^3.4.5"
  
  "@framer/iconfinder.google-material-design-icons@^1.1.0":
    version "1.1.0"
    resolved "https://registry.framer.com/@framer/iconfinder.google-material-design-icons/-/@framer/iconfinder.google-material-design-icons-1.1.0.tgz#15c9818ecb10eb376a7597850878559a8ea698c0"
  
  "@framer/nitin.simple-counter@^1.0.0":
    version "1.0.0"
    resolved "https://registry.framer.com/@framer/nitin.simple-counter/-/@framer/nitin.simple-counter-1.0.0.tgz#af2349c8bd8d161e2ed7996e09d0f348503fc4c3"
    dependencies:
      "@framer/artem.material-ui" "^1.0.0"
      "@framer/edoardo.ios-kit" "^1.1.0"
      "@framer/framer.device-hand-iphone-1" "^1.0.0"
      "@framer/framer.device-skin-apple-iphone-x-space-gray" "^1.0.0"
      "@framer/framer.examples" "^1.3.5"
      "@framer/sebcglbailey.progress-ring" "^1.1.0"
  
  "@framer/sebcglbailey.progress-ring@^1.1.0":
    version "1.1.0"
    resolved "https://registry.framer.com/@framer/sebcglbailey.progress-ring/-/@framer/sebcglbailey.progress-ring-1.1.0.tgz#7ea203221b3501ed5751b6818d1285a6d933a272"
  
  "@material-ui/core@^1.2.2":
    version "1.5.1"
    resolved "https://registry.yarnpkg.com/@material-ui/core/-/core-1.5.1.tgz#cb00cb934447ae688e08129f1dab55f54d29d87a"
    dependencies:
      "@babel/runtime" "7.0.0-rc.1"
      "@types/jss" "^9.5.3"
      "@types/react-transition-group" "^2.0.8"
      brcast "^3.0.1"
      classnames "^2.2.5"
      csstype "^2.5.2"
      debounce "^1.1.0"
      deepmerge "^2.0.1"
      dom-helpers "^3.2.1"
      hoist-non-react-statics "^2.5.0"
      is-plain-object "^2.0.4"
      jss "^9.3.3"
      jss-camel-case "^6.0.0"
      jss-default-unit "^8.0.2"
      jss-global "^3.0.0"
      jss-nested "^6.0.1"
      jss-props-sort "^6.0.0"
      jss-vendor-prefixer "^7.0.0"
      keycode "^2.1.9"
      normalize-scroll-left "^0.1.2"
      popper.js "^1.14.1"
      prop-types "^15.6.0"
      react-event-listener "^0.6.2"
      react-jss "^8.1.0"
      react-transition-group "^2.2.1"
      recompose "^0.28.0"
      warning "^4.0.1"
  
  "@material/animation@^0.34.0":
    version "0.34.0"
    resolved "http://registry.npmjs.org/@material/animation/-/animation-0.34.0.tgz#a99cc9dabf7d0179b4da9a0aaa1575c4d1513823"
  
  "@material/animation@^0.39.0":
    version "0.39.0"
    resolved "https://registry.yarnpkg.com/@material/animation/-/animation-0.39.0.tgz#d3d503c9f87ac1193dc4a5b0cccfaedb39478439"
  
  "@material/base@^0.35.0":
    version "0.35.0"
    resolved "https://registry.yarnpkg.com/@material/base/-/base-0.35.0.tgz#8640c2da385e8cc393ff56153c5a319f5a7704cb"
  
  "@material/base@^0.39.0":
    version "0.39.0"
    resolved "https://registry.yarnpkg.com/@material/base/-/base-0.39.0.tgz#ca451531cf438f51bf999ad7b96b5e8f3929e19a"
  
  "@material/button@^0.38.1":
    version "0.38.1"
    resolved "https://registry.yarnpkg.com/@material/button/-/button-0.38.1.tgz#006fac3c4b11d4731f86b60994ad38ddfc29fca2"
    dependencies:
      "@material/elevation" "^0.38.0"
      "@material/ripple" "^0.38.1"
      "@material/rtl" "^0.36.0"
      "@material/theme" "^0.38.0"
      "@material/typography" "^0.38.0"
  
  "@material/button@^0.39.0":
    version "0.39.3"
    resolved "https://registry.yarnpkg.com/@material/button/-/button-0.39.3.tgz#f2aaaac96932deeb692379a2379eca6eced918ac"
    dependencies:
      "@material/elevation" "^0.39.1"
      "@material/ripple" "^0.39.3"
      "@material/rtl" "^0.39.1"
      "@material/theme" "^0.39.1"
      "@material/typography" "^0.39.0"
  
  "@material/card@^0.39.0":
    version "0.39.3"
    resolved "https://registry.yarnpkg.com/@material/card/-/card-0.39.3.tgz#bd66454ce3560adb9554b15a9e4d2284f17b9af5"
    dependencies:
      "@material/elevation" "^0.39.1"
      "@material/ripple" "^0.39.3"
      "@material/rtl" "^0.39.1"
      "@material/theme" "^0.39.1"
  
  "@material/checkbox@^0.39.1":
    version "0.39.3"
    resolved "https://registry.yarnpkg.com/@material/checkbox/-/checkbox-0.39.3.tgz#4be6bffbe0b6bfcd987bbe9567d17a17738af9fa"
    dependencies:
      "@material/animation" "^0.39.0"
      "@material/base" "^0.39.0"
      "@material/ripple" "^0.39.3"
      "@material/rtl" "^0.39.1"
      "@material/selection-control" "^0.39.3"
      "@material/theme" "^0.39.1"
  
  "@material/elevation@^0.38.0":
    version "0.38.0"
    resolved "https://registry.yarnpkg.com/@material/elevation/-/elevation-0.38.0.tgz#c7f8d0c9a28073b0ec62cb76248b76d5ff467bf8"
    dependencies:
      "@material/animation" "^0.34.0"
      "@material/theme" "^0.38.0"
  
  "@material/elevation@^0.39.1":
    version "0.39.1"
    resolved "https://registry.yarnpkg.com/@material/elevation/-/elevation-0.39.1.tgz#43bb1fe6a0f71332ae11dc18505a8b7cec343dde"
    dependencies:
      "@material/animation" "^0.39.0"
      "@material/theme" "^0.39.1"
  
  "@material/fab@^0.39.0":
    version "0.39.3"
    resolved "https://registry.yarnpkg.com/@material/fab/-/fab-0.39.3.tgz#bb38c5af34528afefb08e159bf6db7b8ee14e391"
    dependencies:
      "@material/animation" "^0.39.0"
      "@material/elevation" "^0.39.1"
      "@material/ripple" "^0.39.3"
      "@material/rtl" "^0.39.1"
      "@material/theme" "^0.39.1"
      "@material/typography" "^0.39.0"
  
  "@material/floating-label@^0.38.0":
    version "0.38.0"
    resolved "https://registry.yarnpkg.com/@material/floating-label/-/floating-label-0.38.0.tgz#557771f8b9d05d0cd7ec6b3bb13ebb0d24d65ab5"
    dependencies:
      "@material/base" "^0.35.0"
      "@material/rtl" "^0.36.0"
      "@material/theme" "^0.38.0"
      "@material/typography" "^0.38.0"
  
  "@material/floating-label@^0.39.1":
    version "0.39.1"
    resolved "https://registry.yarnpkg.com/@material/floating-label/-/floating-label-0.39.1.tgz#8e5f2144460086ee8d586d6715cf0ed1707d3406"
    dependencies:
      "@material/base" "^0.39.0"
      "@material/rtl" "^0.39.1"
      "@material/theme" "^0.39.1"
      "@material/typography" "^0.39.0"
  
  "@material/form-field@^0.39.1":
    version "0.39.3"
    resolved "https://registry.yarnpkg.com/@material/form-field/-/form-field-0.39.3.tgz#bbd149a526bb0c297357d046662be5731d430350"
    dependencies:
      "@material/base" "^0.39.0"
      "@material/rtl" "^0.39.1"
      "@material/selection-control" "^0.39.3"
      "@material/theme" "^0.39.1"
      "@material/typography" "^0.39.0"
  
  "@material/icon-button@^0.39.0":
    version "0.39.3"
    resolved "https://registry.yarnpkg.com/@material/icon-button/-/icon-button-0.39.3.tgz#389fb123c0c0923e05f6e6a6621b8f334fae4ce2"
    dependencies:
      "@material/base" "^0.39.0"
      "@material/ripple" "^0.39.3"
      "@material/theme" "^0.39.1"
  
  "@material/line-ripple@^0.38.0":
    version "0.38.0"
    resolved "https://registry.yarnpkg.com/@material/line-ripple/-/line-ripple-0.38.0.tgz#e70fec82bfd0b718efcbc72c52210e45bd31bcf9"
    dependencies:
      "@material/animation" "^0.34.0"
      "@material/base" "^0.35.0"
      "@material/theme" "^0.38.0"
  
  "@material/line-ripple@^0.39.3":
    version "0.39.3"
    resolved "https://registry.yarnpkg.com/@material/line-ripple/-/line-ripple-0.39.3.tgz#4db9d5ea56f5a4745704627d1e96008716fa471e"
    dependencies:
      "@material/animation" "^0.39.0"
      "@material/base" "^0.39.0"
      "@material/theme" "^0.39.1"
  
  "@material/notched-outline@^0.38.0":
    version "0.38.0"
    resolved "https://registry.yarnpkg.com/@material/notched-outline/-/notched-outline-0.38.0.tgz#75ae05a79cdd6a3761d8ddf3afd763c1450c22c8"
    dependencies:
      "@material/animation" "^0.34.0"
      "@material/base" "^0.35.0"
      "@material/theme" "^0.38.0"
  
  "@material/notched-outline@^0.39.1":
    version "0.39.1"
    resolved "https://registry.yarnpkg.com/@material/notched-outline/-/notched-outline-0.39.1.tgz#bd6d5adc2a0c5f63bb1ab4e1db7d43f37e488fa9"
    dependencies:
      "@material/animation" "^0.39.0"
      "@material/base" "^0.39.0"
      "@material/rtl" "^0.39.1"
      "@material/theme" "^0.39.1"
  
  "@material/react-button@^0.4.2":
    version "0.4.2"
    resolved "https://registry.yarnpkg.com/@material/react-button/-/react-button-0.4.2.tgz#55f617f8a3aa589d1b0435e94ca603bf91c53e84"
    dependencies:
      "@material/button" "^0.38.1"
      "@material/react-ripple" "^0.4.2"
      classnames "^2.2.5"
      prop-types "^15.6.1"
      react "^16.3.2"
  
  "@material/react-floating-label@^0.4.1":
    version "0.4.1"
    resolved "https://registry.yarnpkg.com/@material/react-floating-label/-/react-floating-label-0.4.1.tgz#a17f1eb74b53b860c385c1bc15378022d2628841"
    dependencies:
      "@material/floating-label" "^0.38.0"
      classnames "^2.2.5"
      prop-types "^15.6.1"
      react "^16.3.0"
  
  "@material/react-line-ripple@^0.4.1":
    version "0.4.1"
    resolved "https://registry.yarnpkg.com/@material/react-line-ripple/-/react-line-ripple-0.4.1.tgz#4e07014c980f45a4c7212cd04f835b5ef4823c93"
    dependencies:
      "@material/line-ripple" "^0.38.0"
      classnames "^2.2.5"
      prop-types "^15.6.1"
      react "^16.3.2"
  
  "@material/react-material-icon@^0.4.2":
    version "0.4.2"
    resolved "https://registry.yarnpkg.com/@material/react-material-icon/-/react-material-icon-0.4.2.tgz#a532c0739bed3c7fea9624fa9661659f9ef997db"
    dependencies:
      "@material/react-ripple" "^0.4.2"
      classnames "^2.2.5"
      prop-types "^15.6.1"
      react "^16.3.2"
  
  "@material/react-notched-outline@^0.4.1":
    version "0.4.1"
    resolved "https://registry.yarnpkg.com/@material/react-notched-outline/-/react-notched-outline-0.4.1.tgz#3da419cb89e68fea8ca30ff2dba901657e974c97"
    dependencies:
      "@material/notched-outline" "^0.38.0"
      classnames "^2.2.5"
      prop-types "^15.6.1"
      react "^16.3.2"
  
  "@material/react-ripple@^0.4.2":
    version "0.4.2"
    resolved "https://registry.yarnpkg.com/@material/react-ripple/-/react-ripple-0.4.2.tgz#1e57d42617433cc9f8955ac049367418a10410f0"
    dependencies:
      "@material/ripple" "^0.38.1"
      classnames "^2.2.5"
      prop-types "^15.6.1"
      react "^16.3.2"
  
  "@material/react-select@^0.4.2":
    version "0.4.2"
    resolved "https://registry.yarnpkg.com/@material/react-select/-/react-select-0.4.2.tgz#1a33be24a4adf13c0a21563b07022af3b861865e"
    dependencies:
      "@material/react-floating-label" "^0.4.1"
      "@material/react-line-ripple" "^0.4.1"
      "@material/react-notched-outline" "^0.4.1"
      "@material/select" "^0.38.1"
      classnames "^2.2.5"
      prop-types "^15.6.1"
      react "^16.3.2"
  
  "@material/react-text-field@^0.4.2":
    version "0.4.2"
    resolved "https://registry.yarnpkg.com/@material/react-text-field/-/react-text-field-0.4.2.tgz#909bb34054cc9c35468fde222ea81ec07032ed3a"
    dependencies:
      "@material/react-floating-label" "^0.4.1"
      "@material/react-line-ripple" "^0.4.1"
      "@material/react-notched-outline" "^0.4.1"
      "@material/textfield" "^0.38.1"
      classnames "^2.2.5"
      prop-types "^15.6.1"
      react "^16.3.2"
  
  "@material/react-top-app-bar@^0.4.2":
    version "0.4.2"
    resolved "https://registry.yarnpkg.com/@material/react-top-app-bar/-/react-top-app-bar-0.4.2.tgz#54254b1fab7860a9881d690fe55c03490ac7a1d0"
    dependencies:
      "@material/top-app-bar" "^0.38.1"
      classnames "^2.2.5"
      prop-types "^15.6.1"
      react "^16.3.2"
  
  "@material/ripple@^0.38.1":
    version "0.38.1"
    resolved "https://registry.yarnpkg.com/@material/ripple/-/ripple-0.38.1.tgz#74e61ed28e7680e0fd990fa50fa1949da456b3cb"
    dependencies:
      "@material/animation" "^0.34.0"
      "@material/base" "^0.35.0"
      "@material/theme" "^0.38.0"
  
  "@material/ripple@^0.39.0", "@material/ripple@^0.39.3":
    version "0.39.3"
    resolved "https://registry.yarnpkg.com/@material/ripple/-/ripple-0.39.3.tgz#4ff7a8fec5d5206f0da72a78d026529b53b7d564"
    dependencies:
      "@material/animation" "^0.39.0"
      "@material/base" "^0.39.0"
      "@material/theme" "^0.39.1"
  
  "@material/rtl@^0.36.0":
    version "0.36.0"
    resolved "https://registry.yarnpkg.com/@material/rtl/-/rtl-0.36.0.tgz#a81b587981dc6e09f51e26da8a7447f89358ccd5"
  
  "@material/rtl@^0.39.1":
    version "0.39.1"
    resolved "https://registry.yarnpkg.com/@material/rtl/-/rtl-0.39.1.tgz#dcaf6f93fc6cd540137edb352139dc8139bca436"
  
  "@material/select@^0.38.1":
    version "0.38.1"
    resolved "https://registry.yarnpkg.com/@material/select/-/select-0.38.1.tgz#149c1ddf5146dd6cec052e06b41638b28c7085ea"
    dependencies:
      "@material/animation" "^0.34.0"
      "@material/base" "^0.35.0"
      "@material/floating-label" "^0.38.0"
      "@material/line-ripple" "^0.38.0"
      "@material/notched-outline" "^0.38.0"
      "@material/ripple" "^0.38.1"
      "@material/rtl" "^0.36.0"
      "@material/theme" "^0.38.0"
      "@material/typography" "^0.38.0"
  
  "@material/select@^0.39.1":
    version "0.39.3"
    resolved "https://registry.yarnpkg.com/@material/select/-/select-0.39.3.tgz#d4766ec463b00ded2c6424566fb824155d6efe8c"
    dependencies:
      "@material/animation" "^0.39.0"
      "@material/base" "^0.39.0"
      "@material/floating-label" "^0.39.1"
      "@material/line-ripple" "^0.39.3"
      "@material/notched-outline" "^0.39.1"
      "@material/ripple" "^0.39.3"
      "@material/rtl" "^0.39.1"
      "@material/theme" "^0.39.1"
      "@material/typography" "^0.39.0"
  
  "@material/selection-control@^0.39.3":
    version "0.39.3"
    resolved "https://registry.yarnpkg.com/@material/selection-control/-/selection-control-0.39.3.tgz#2ccdb4e07a7446e462ead824796a8ef18cc27720"
    dependencies:
      "@material/ripple" "^0.39.3"
  
  "@material/slider@^0.39.1":
    version "0.39.1"
    resolved "https://registry.yarnpkg.com/@material/slider/-/slider-0.39.1.tgz#3662f8a3bc9ae353d77b70ee921063162e03a255"
    dependencies:
      "@material/animation" "^0.39.0"
      "@material/base" "^0.39.0"
      "@material/rtl" "^0.39.1"
      "@material/theme" "^0.39.1"
  
  "@material/switch@^0.39.1":
    version "0.39.3"
    resolved "https://registry.yarnpkg.com/@material/switch/-/switch-0.39.3.tgz#c7afdd2f13747e97ee3a7f223cedce84fe940fc1"
    dependencies:
      "@material/animation" "^0.39.0"
      "@material/base" "^0.39.0"
      "@material/elevation" "^0.39.1"
      "@material/ripple" "^0.39.3"
      "@material/rtl" "^0.39.1"
      "@material/selection-control" "^0.39.3"
      "@material/theme" "^0.39.1"
  
  "@material/textfield@^0.38.1":
    version "0.38.1"
    resolved "https://registry.yarnpkg.com/@material/textfield/-/textfield-0.38.1.tgz#f0dc2d7b534a51845a84f71fbd8199b6cc0b5130"
    dependencies:
      "@material/animation" "^0.34.0"
      "@material/base" "^0.35.0"
      "@material/floating-label" "^0.38.0"
      "@material/line-ripple" "^0.38.0"
      "@material/notched-outline" "^0.38.0"
      "@material/ripple" "^0.38.1"
      "@material/rtl" "^0.36.0"
      "@material/theme" "^0.38.0"
      "@material/typography" "^0.38.0"
  
  "@material/textfield@^0.39.1":
    version "0.39.3"
    resolved "https://registry.yarnpkg.com/@material/textfield/-/textfield-0.39.3.tgz#38520fad2615cceb0406d6e9b28f3afee749d7b1"
    dependencies:
      "@material/animation" "^0.39.0"
      "@material/base" "^0.39.0"
      "@material/floating-label" "^0.39.1"
      "@material/line-ripple" "^0.39.3"
      "@material/notched-outline" "^0.39.1"
      "@material/ripple" "^0.39.3"
      "@material/rtl" "^0.39.1"
      "@material/theme" "^0.39.1"
      "@material/typography" "^0.39.0"
  
  "@material/theme@^0.38.0":
    version "0.38.0"
    resolved "https://registry.yarnpkg.com/@material/theme/-/theme-0.38.0.tgz#c1a2247eba4af2ba47da4456921ab420869fda55"
  
  "@material/theme@^0.39.1":
    version "0.39.1"
    resolved "https://registry.yarnpkg.com/@material/theme/-/theme-0.39.1.tgz#5fb160222e2b213628b285af26ca65c6f4327fe5"
  
  "@material/top-app-bar@^0.38.1":
    version "0.38.1"
    resolved "https://registry.yarnpkg.com/@material/top-app-bar/-/top-app-bar-0.38.1.tgz#e3dd6fa59c9510c99d311840272f6b93fca62e08"
    dependencies:
      "@material/animation" "^0.34.0"
      "@material/base" "^0.35.0"
      "@material/elevation" "^0.38.0"
      "@material/ripple" "^0.38.1"
      "@material/rtl" "^0.36.0"
      "@material/theme" "^0.38.0"
      "@material/typography" "^0.38.0"
  
  "@material/typography@^0.38.0":
    version "0.38.0"
    resolved "https://registry.yarnpkg.com/@material/typography/-/typography-0.38.0.tgz#fff8e4f25c5ef7b0afb5ed414bc700981e431703"
  
  "@material/typography@^0.39.0":
    version "0.39.0"
    resolved "https://registry.yarnpkg.com/@material/typography/-/typography-0.39.0.tgz#7d7468673e104609d926528ffe5571cfd44d8c3c"
  
  "@types/jss@^9.5.3":
    version "9.5.6"
    resolved "https://registry.yarnpkg.com/@types/jss/-/jss-9.5.6.tgz#96e1d246ddfbccc4867494077c714773cf29acde"
    dependencies:
      csstype "^2.0.0"
      indefinite-observable "^1.0.1"
  
  "@types/prop-types@*":
    version "15.5.6"
    resolved "https://registry.yarnpkg.com/@types/prop-types/-/prop-types-15.5.6.tgz#9c03d3fed70a8d517c191b7734da2879b50ca26c"
  
  "@types/react-transition-group@^2.0.8":
    version "2.0.14"
    resolved "https://registry.yarnpkg.com/@types/react-transition-group/-/react-transition-group-2.0.14.tgz#afd0cd785a97f070b55765e9f9d76ff568269001"
    dependencies:
      "@types/react" "*"
  
  "@types/react@*":
    version "16.4.18"
    resolved "https://registry.yarnpkg.com/@types/react/-/react-16.4.18.tgz#2e28a2e7f92d3fa7d6a65f2b73275c3e3138a13d"
    dependencies:
      "@types/prop-types" "*"
      csstype "^2.2.0"
  
  "@types/react@^16.0.31":
    version "16.4.6"
    resolved "https://registry.yarnpkg.com/@types/react/-/react-16.4.6.tgz#5024957c6bcef4f02823accf5974faba2e54fada"
    dependencies:
      csstype "^2.2.0"
  
  asap@~2.0.3:
    version "2.0.6"
    resolved "https://registry.yarnpkg.com/asap/-/asap-2.0.6.tgz#e50347611d7e690943208bbdafebcbc2fb866d46"
  
  base64-js@^1.0.2:
    version "1.3.0"
    resolved "https://registry.yarnpkg.com/base64-js/-/base64-js-1.3.0.tgz#cab1e6118f051095e58b5281aea8c1cd22bfc0e3"
  
  brcast@^3.0.1:
    version "3.0.1"
    resolved "https://registry.yarnpkg.com/brcast/-/brcast-3.0.1.tgz#6256a8349b20de9eed44257a9b24d71493cd48dd"
  
  buffer@^5.0.3:
    version "5.2.1"
    resolved "https://registry.yarnpkg.com/buffer/-/buffer-5.2.1.tgz#dd57fa0f109ac59c602479044dca7b8b3d0b71d6"
    dependencies:
      base64-js "^1.0.2"
      ieee754 "^1.1.4"
  
  change-emitter@^0.1.2:
    version "0.1.6"
    resolved "https://registry.yarnpkg.com/change-emitter/-/change-emitter-0.1.6.tgz#e8b2fe3d7f1ab7d69a32199aff91ea6931409515"
  
  classnames@^2.2.5:
    version "2.2.6"
    resolved "https://registry.yarnpkg.com/classnames/-/classnames-2.2.6.tgz#43935bffdd291f326dad0a205309b38d00f650ce"
  
  core-js@^1.0.0:
    version "1.2.7"
    resolved "https://registry.yarnpkg.com/core-js/-/core-js-1.2.7.tgz#652294c14651db28fa93bd2d5ff2983a4f08c636"
  
  css-color-keywords@^1.0.0:
    version "1.0.0"
    resolved "https://registry.yarnpkg.com/css-color-keywords/-/css-color-keywords-1.0.0.tgz#fea2616dc676b2962686b3af8dbdbe180b244e05"
  
  css-to-react-native@^2.0.3:
    version "2.2.2"
    resolved "https://registry.yarnpkg.com/css-to-react-native/-/css-to-react-native-2.2.2.tgz#c077d0f7bf3e6c915a539e7325821c9dd01f9965"
    dependencies:
      css-color-keywords "^1.0.0"
      fbjs "^0.8.5"
      postcss-value-parser "^3.3.0"
  
  css-vendor@^0.3.8:
    version "0.3.8"
    resolved "https://registry.yarnpkg.com/css-vendor/-/css-vendor-0.3.8.tgz#6421cfd3034ce664fe7673972fd0119fc28941fa"
    dependencies:
      is-in-browser "^1.0.2"
  
  csstype@^2.0.0, csstype@^2.5.2:
    version "2.5.7"
    resolved "https://registry.yarnpkg.com/csstype/-/csstype-2.5.7.tgz#bf9235d5872141eccfb2d16d82993c6b149179ff"
  
  csstype@^2.2.0:
    version "2.5.5"
    resolved "https://registry.yarnpkg.com/csstype/-/csstype-2.5.5.tgz#4125484a3d42189a863943f23b9e4b80fedfa106"
  
  debounce@^1.1.0:
    version "1.2.0"
    resolved "https://registry.yarnpkg.com/debounce/-/debounce-1.2.0.tgz#44a540abc0ea9943018dc0eaa95cce87f65cd131"
  
  deepmerge@^2.0.1:
    version "2.2.1"
    resolved "https://registry.yarnpkg.com/deepmerge/-/deepmerge-2.2.1.tgz#5d3ff22a01c00f645405a2fbc17d0778a1801170"
  
  dom-helpers@^3.2.1, dom-helpers@^3.3.1:
    version "3.3.1"
    resolved "https://registry.yarnpkg.com/dom-helpers/-/dom-helpers-3.3.1.tgz#fc1a4e15ffdf60ddde03a480a9c0fece821dd4a6"
  
  draft-js@0.10.4:
    version "0.10.4"
    resolved "https://registry.yarnpkg.com/draft-js/-/draft-js-0.10.4.tgz#147741642097c8120d8edc232e9503e8b7fb8d35"
    dependencies:
      fbjs "^0.8.15"
      immutable "~3.7.4"
      object-assign "^4.1.0"
  
  encoding@^0.1.11:
    version "0.1.12"
    resolved "https://registry.yarnpkg.com/encoding/-/encoding-0.1.12.tgz#538b66f3ee62cd1ab51ec323829d1f9480c74beb"
    dependencies:
      iconv-lite "~0.4.13"
  
  eventemitter3@^3.1.0:
    version "3.1.0"
    resolved "https://registry.yarnpkg.com/eventemitter3/-/eventemitter3-3.1.0.tgz#090b4d6cdbd645ed10bf750d4b5407942d7ba163"
  
  fbjs@^0.8.1, fbjs@^0.8.15, fbjs@^0.8.16, fbjs@^0.8.5:
    version "0.8.17"
    resolved "https://registry.yarnpkg.com/fbjs/-/fbjs-0.8.17.tgz#c4d598ead6949112653d6588b01a5cdcd9f90fdd"
    dependencies:
      core-js "^1.0.0"
      isomorphic-fetch "^2.1.1"
      loose-envify "^1.0.0"
      object-assign "^4.1.0"
      promise "^7.1.1"
      setimmediate "^1.0.5"
      ua-parser-js "^0.7.18"
  
  framer@^0.1.8:
    version "0.1.34"
    resolved "https://registry.yarnpkg.com/framer/-/framer-0.1.34.tgz#6cdbb788196008ffd42b5a96a026673d4c3c25f5"
    dependencies:
      draft-js "0.10.4"
      eventemitter3 "^3.1.0"
      hsluv "^0.0.3"
      immutable "^3.8.2"
  
  framer@^0.9.1:
    version "0.9.1"
    resolved "https://registry.yarnpkg.com/framer/-/framer-0.9.1.tgz#8f4296799d5e7e0d6a112af054d48e8a716918a7"
    dependencies:
      draft-js "0.10.4"
      eventemitter3 "^3.1.0"
      hsluv "^0.0.3"
      immutable "^3.8.2"
  
  has-flag@^1.0.0:
    version "1.0.0"
    resolved "https://registry.yarnpkg.com/has-flag/-/has-flag-1.0.0.tgz#9d9e793165ce017a00f00418c43f942a7b1d11fa"
  
  hoist-non-react-statics@^2.3.1, hoist-non-react-statics@^2.5.0:
    version "2.5.5"
    resolved "https://registry.yarnpkg.com/hoist-non-react-statics/-/hoist-non-react-statics-2.5.5.tgz#c5903cf409c0dfd908f388e619d86b9c1174cb47"
  
  hsluv@^0.0.3:
    version "0.0.3"
    resolved "https://registry.yarnpkg.com/hsluv/-/hsluv-0.0.3.tgz#829107dafb4a9f8b52a1809ed02e091eade6754c"
  
  hyphenate-style-name@^1.0.2:
    version "1.0.2"
    resolved "https://registry.yarnpkg.com/hyphenate-style-name/-/hyphenate-style-name-1.0.2.tgz#31160a36930adaf1fc04c6074f7eb41465d4ec4b"
  
  iconv-lite@~0.4.13:
    version "0.4.24"
    resolved "https://registry.yarnpkg.com/iconv-lite/-/iconv-lite-0.4.24.tgz#2022b4b25fbddc21d2f524974a474aafe733908b"
    dependencies:
      safer-buffer ">= 2.1.2 < 3"
  
  ieee754@^1.1.4:
    version "1.1.12"
    resolved "https://registry.yarnpkg.com/ieee754/-/ieee754-1.1.12.tgz#50bf24e5b9c8bb98af4964c941cdb0918da7b60b"
  
  immutable@^3.8.2:
    version "3.8.2"
    resolved "https://registry.yarnpkg.com/immutable/-/immutable-3.8.2.tgz#c2439951455bb39913daf281376f1530e104adf3"
  
  immutable@~3.7.4:
    version "3.7.6"
    resolved "http://registry.npmjs.org/immutable/-/immutable-3.7.6.tgz#13b4d3cb12befa15482a26fe1b2ebae640071e4b"
  
  indefinite-observable@^1.0.1:
    version "1.0.1"
    resolved "https://registry.yarnpkg.com/indefinite-observable/-/indefinite-observable-1.0.1.tgz#09915423cc8d6f7eb1cb7882ad134633c9a6edc3"
    dependencies:
      symbol-observable "1.0.4"
  
  is-function@^1.0.1:
    version "1.0.1"
    resolved "https://registry.yarnpkg.com/is-function/-/is-function-1.0.1.tgz#12cfb98b65b57dd3d193a3121f5f6e2f437602b5"
  
  is-in-browser@^1.0.2, is-in-browser@^1.1.3:
    version "1.1.3"
    resolved "https://registry.yarnpkg.com/is-in-browser/-/is-in-browser-1.1.3.tgz#56ff4db683a078c6082eb95dad7dc62e1d04f835"
  
  is-plain-object@^2.0.1, is-plain-object@^2.0.4:
    version "2.0.4"
    resolved "https://registry.yarnpkg.com/is-plain-object/-/is-plain-object-2.0.4.tgz#2c163b3fafb1b606d9d17928f05c2a1c38e07677"
    dependencies:
      isobject "^3.0.1"
  
  is-stream@^1.0.1:
    version "1.1.0"
    resolved "https://registry.yarnpkg.com/is-stream/-/is-stream-1.1.0.tgz#12d4a3dd4e68e0b79ceb8dbc84173ae80d91ca44"
  
  isobject@^3.0.1:
    version "3.0.1"
    resolved "https://registry.yarnpkg.com/isobject/-/isobject-3.0.1.tgz#4e431e92b11a9731636aa1f9c8d1ccbcfdab78df"
  
  isomorphic-fetch@^2.1.1:
    version "2.2.1"
    resolved "https://registry.yarnpkg.com/isomorphic-fetch/-/isomorphic-fetch-2.2.1.tgz#611ae1acf14f5e81f729507472819fe9733558a9"
    dependencies:
      node-fetch "^1.0.1"
      whatwg-fetch ">=0.10.0"
  
  "js-tokens@^3.0.0 || ^4.0.0":
    version "4.0.0"
    resolved "https://registry.yarnpkg.com/js-tokens/-/js-tokens-4.0.0.tgz#19203fb59991df98e3a287050d4647cdeaf32499"
  
  jss-camel-case@^6.0.0, jss-camel-case@^6.1.0:
    version "6.1.0"
    resolved "https://registry.yarnpkg.com/jss-camel-case/-/jss-camel-case-6.1.0.tgz#ccb1ff8d6c701c02a1fed6fb6fb6b7896e11ce44"
    dependencies:
      hyphenate-style-name "^1.0.2"
  
  jss-compose@^5.0.0:
    version "5.0.0"
    resolved "https://registry.yarnpkg.com/jss-compose/-/jss-compose-5.0.0.tgz#ce01b2e4521d65c37ea42cf49116e5f7ab596484"
    dependencies:
      warning "^3.0.0"
  
  jss-default-unit@^8.0.2:
    version "8.0.2"
    resolved "https://registry.yarnpkg.com/jss-default-unit/-/jss-default-unit-8.0.2.tgz#cc1e889bae4c0b9419327b314ab1c8e2826890e6"
  
  jss-expand@^5.3.0:
    version "5.3.0"
    resolved "https://registry.yarnpkg.com/jss-expand/-/jss-expand-5.3.0.tgz#02be076efe650125c842f5bb6fb68786fe441ed6"
  
  jss-extend@^6.2.0:
    version "6.2.0"
    resolved "https://registry.yarnpkg.com/jss-extend/-/jss-extend-6.2.0.tgz#4af09d0b72fb98ee229970f8ca852fec1ca2a8dc"
    dependencies:
      warning "^3.0.0"
  
  jss-global@^3.0.0:
    version "3.0.0"
    resolved "https://registry.yarnpkg.com/jss-global/-/jss-global-3.0.0.tgz#e19e5c91ab2b96353c227e30aa2cbd938cdaafa2"
  
  jss-nested@^6.0.1:
    version "6.0.1"
    resolved "https://registry.yarnpkg.com/jss-nested/-/jss-nested-6.0.1.tgz#ef992b79d6e8f63d939c4397b9d99b5cbbe824ca"
    dependencies:
      warning "^3.0.0"
  
  jss-preset-default@^4.3.0:
    version "4.5.0"
    resolved "https://registry.yarnpkg.com/jss-preset-default/-/jss-preset-default-4.5.0.tgz#d3a457012ccd7a551312014e394c23c4b301cadd"
    dependencies:
      jss-camel-case "^6.1.0"
      jss-compose "^5.0.0"
      jss-default-unit "^8.0.2"
      jss-expand "^5.3.0"
      jss-extend "^6.2.0"
      jss-global "^3.0.0"
      jss-nested "^6.0.1"
      jss-props-sort "^6.0.0"
      jss-template "^1.0.1"
      jss-vendor-prefixer "^7.0.0"
  
  jss-props-sort@^6.0.0:
    version "6.0.0"
    resolved "https://registry.yarnpkg.com/jss-props-sort/-/jss-props-sort-6.0.0.tgz#9105101a3b5071fab61e2d85ea74cc22e9b16323"
  
  jss-template@^1.0.1:
    version "1.0.1"
    resolved "https://registry.yarnpkg.com/jss-template/-/jss-template-1.0.1.tgz#09aed9d86cc547b07f53ef355d7e1777f7da430a"
    dependencies:
      warning "^3.0.0"
  
  jss-vendor-prefixer@^7.0.0:
    version "7.0.0"
    resolved "https://registry.yarnpkg.com/jss-vendor-prefixer/-/jss-vendor-prefixer-7.0.0.tgz#0166729650015ef19d9f02437c73667231605c71"
    dependencies:
      css-vendor "^0.3.8"
  
  jss@^9.3.3, jss@^9.7.0:
    version "9.8.7"
    resolved "https://registry.yarnpkg.com/jss/-/jss-9.8.7.tgz#ed9763fc0f2f0260fc8260dac657af61e622ce05"
    dependencies:
      is-in-browser "^1.1.3"
      symbol-observable "^1.1.0"
      warning "^3.0.0"
  
  keycode@^2.1.9:
    version "2.2.0"
    resolved "https://registry.yarnpkg.com/keycode/-/keycode-2.2.0.tgz#3d0af56dc7b8b8e5cba8d0a97f107204eec22b04"
  
  loose-envify@^1.0.0, loose-envify@^1.1.0, loose-envify@^1.3.1, loose-envify@^1.4.0:
    version "1.4.0"
    resolved "https://registry.yarnpkg.com/loose-envify/-/loose-envify-1.4.0.tgz#71ee51fa7be4caec1a63839f7e682d8132d30caf"
    dependencies:
      js-tokens "^3.0.0 || ^4.0.0"
  
  node-fetch@^1.0.1:
    version "1.7.3"
    resolved "https://registry.yarnpkg.com/node-fetch/-/node-fetch-1.7.3.tgz#980f6f72d85211a5347c6b2bc18c5b84c3eb47ef"
    dependencies:
      encoding "^0.1.11"
      is-stream "^1.0.1"
  
  normalize-scroll-left@^0.1.2:
    version "0.1.2"
    resolved "https://registry.yarnpkg.com/normalize-scroll-left/-/normalize-scroll-left-0.1.2.tgz#6b79691ba79eb5fb107fa5edfbdc06b55caee2aa"
  
  object-assign@^4.1.0, object-assign@^4.1.1:
    version "4.1.1"
    resolved "https://registry.yarnpkg.com/object-assign/-/object-assign-4.1.1.tgz#2109adc7965887cfc05cbbd442cac8bfbb360863"
  
  popper.js@^1.14.1:
    version "1.14.4"
    resolved "https://registry.yarnpkg.com/popper.js/-/popper.js-1.14.4.tgz#8eec1d8ff02a5a3a152dd43414a15c7b79fd69b6"
  
  postcss-value-parser@^3.3.0:
    version "3.3.1"
    resolved "https://registry.yarnpkg.com/postcss-value-parser/-/postcss-value-parser-3.3.1.tgz#9ff822547e2893213cf1c30efa51ac5fd1ba8281"
  
  promise@^7.1.1:
    version "7.3.1"
    resolved "https://registry.yarnpkg.com/promise/-/promise-7.3.1.tgz#064b72602b18f90f29192b8b1bc418ffd1ebd3bf"
    dependencies:
      asap "~2.0.3"
  
  prop-types@^15.5.4, prop-types@^15.5.8, prop-types@^15.6.0, prop-types@^15.6.1, prop-types@^15.6.2:
    version "15.6.2"
    resolved "https://registry.yarnpkg.com/prop-types/-/prop-types-15.6.2.tgz#05d5ca77b4453e985d60fc7ff8c859094a497102"
    dependencies:
      loose-envify "^1.3.1"
      object-assign "^4.1.1"
  
  react-dom@^16.3.0:
    version "16.6.0"
    resolved "https://registry.yarnpkg.com/react-dom/-/react-dom-16.6.0.tgz#6375b8391e019a632a89a0988bce85f0cc87a92f"
    dependencies:
      loose-envify "^1.1.0"
      object-assign "^4.1.1"
      prop-types "^15.6.2"
      scheduler "^0.10.0"
  
  react-event-listener@^0.6.2:
    version "0.6.4"
    resolved "https://registry.yarnpkg.com/react-event-listener/-/react-event-listener-0.6.4.tgz#d0ea5ed897da1a796616c44b5a8758898140f203"
    dependencies:
      "@babel/runtime" "7.0.0"
      prop-types "^15.6.0"
      warning "^4.0.1"
  
  react-is@^16.3.1:
    version "16.5.2"
    resolved "https://registry.yarnpkg.com/react-is/-/react-is-16.5.2.tgz#e2a7b7c3f5d48062eb769fcb123505eb928722e3"
  
  react-jss@^8.1.0:
    version "8.6.1"
    resolved "https://registry.yarnpkg.com/react-jss/-/react-jss-8.6.1.tgz#a06e2e1d2c4d91b4d11befda865e6c07fbd75252"
    dependencies:
      hoist-non-react-statics "^2.5.0"
      jss "^9.7.0"
      jss-preset-default "^4.3.0"
      prop-types "^15.6.0"
      theming "^1.3.0"
  
  react-lifecycles-compat@^3.0.2, react-lifecycles-compat@^3.0.4:
    version "3.0.4"
    resolved "https://registry.yarnpkg.com/react-lifecycles-compat/-/react-lifecycles-compat-3.0.4.tgz#4f1a273afdfc8f3488a8c516bfda78f872352362"
  
  react-transition-group@^2.2.1:
    version "2.5.0"
    resolved "https://registry.yarnpkg.com/react-transition-group/-/react-transition-group-2.5.0.tgz#70bca0e3546102c4dc5cf3f5f57f73447cce6874"
    dependencies:
      dom-helpers "^3.3.1"
      loose-envify "^1.4.0"
      prop-types "^15.6.2"
      react-lifecycles-compat "^3.0.4"
  
  react@^16.3.0, react@^16.3.2:
    version "16.5.2"
    resolved "https://registry.yarnpkg.com/react/-/react-16.5.2.tgz#19f6b444ed139baa45609eee6dc3d318b3895d42"
    dependencies:
      loose-envify "^1.1.0"
      object-assign "^4.1.1"
      prop-types "^15.6.2"
      schedule "^0.5.0"
  
  recompose@^0.28.0:
    version "0.28.2"
    resolved "https://registry.yarnpkg.com/recompose/-/recompose-0.28.2.tgz#19e679227bdf979e0d31b73ffe7ae38c9194f4a7"
    dependencies:
      "@babel/runtime" "7.0.0-beta.56"
      change-emitter "^0.1.2"
      fbjs "^0.8.1"
      hoist-non-react-statics "^2.3.1"
      react-lifecycles-compat "^3.0.2"
      symbol-observable "^1.0.4"
  
  regenerator-runtime@^0.12.0:
    version "0.12.1"
    resolved "https://registry.yarnpkg.com/regenerator-runtime/-/regenerator-runtime-0.12.1.tgz#fa1a71544764c036f8c49b13a08b2594c9f8a0de"
  
  "safer-buffer@>= 2.1.2 < 3":
    version "2.1.2"
    resolved "https://registry.yarnpkg.com/safer-buffer/-/safer-buffer-2.1.2.tgz#44fa161b0187b9549dd84bb91802f9bd8385cd6a"
  
  schedule@^0.5.0:
    version "0.5.0"
    resolved "https://registry.yarnpkg.com/schedule/-/schedule-0.5.0.tgz#c128fffa0b402488b08b55ae74bb9df55cc29cc8"
    dependencies:
      object-assign "^4.1.1"
  
  scheduler@^0.10.0:
    version "0.10.0"
    resolved "https://registry.yarnpkg.com/scheduler/-/scheduler-0.10.0.tgz#7988de90fe7edccc774ea175a783e69c40c521e1"
    dependencies:
      loose-envify "^1.1.0"
      object-assign "^4.1.1"
  
  setimmediate@^1.0.5:
    version "1.0.5"
    resolved "https://registry.yarnpkg.com/setimmediate/-/setimmediate-1.0.5.tgz#290cbb232e306942d7d7ea9b83732ab7856f8285"
  
  styled-components@^3.4.5:
    version "3.4.10"
    resolved "https://registry.yarnpkg.com/styled-components/-/styled-components-3.4.10.tgz#9a654c50ea2b516c36ade57ddcfa296bf85c96e1"
    dependencies:
      buffer "^5.0.3"
      css-to-react-native "^2.0.3"
      fbjs "^0.8.16"
      hoist-non-react-statics "^2.5.0"
      prop-types "^15.5.4"
      react-is "^16.3.1"
      stylis "^3.5.0"
      stylis-rule-sheet "^0.0.10"
      supports-color "^3.2.3"
  
  stylis-rule-sheet@^0.0.10:
    version "0.0.10"
    resolved "https://registry.yarnpkg.com/stylis-rule-sheet/-/stylis-rule-sheet-0.0.10.tgz#44e64a2b076643f4b52e5ff71efc04d8c3c4a430"
  
  stylis@^3.5.0:
    version "3.5.3"
    resolved "https://registry.yarnpkg.com/stylis/-/stylis-3.5.3.tgz#99fdc46afba6af4deff570825994181a5e6ce546"
  
  supports-color@^3.2.3:
    version "3.2.3"
    resolved "https://registry.yarnpkg.com/supports-color/-/supports-color-3.2.3.tgz#65ac0504b3954171d8a64946b2ae3cbb8a5f54f6"
    dependencies:
      has-flag "^1.0.0"
  
  symbol-observable@1.0.4:
    version "1.0.4"
    resolved "https://registry.yarnpkg.com/symbol-observable/-/symbol-observable-1.0.4.tgz#29bf615d4aa7121bdd898b22d4b3f9bc4e2aa03d"
  
  symbol-observable@^1.0.4, symbol-observable@^1.1.0:
    version "1.2.0"
    resolved "https://registry.yarnpkg.com/symbol-observable/-/symbol-observable-1.2.0.tgz#c22688aed4eab3cdc2dfeacbb561660560a00804"
  
  theming@^1.3.0:
    version "1.3.0"
    resolved "https://registry.yarnpkg.com/theming/-/theming-1.3.0.tgz#286d5bae80be890d0adc645e5ca0498723725bdc"
    dependencies:
      brcast "^3.0.1"
      is-function "^1.0.1"
      is-plain-object "^2.0.1"
      prop-types "^15.5.8"
  
  ua-parser-js@^0.7.18:
    version "0.7.18"
    resolved "https://registry.yarnpkg.com/ua-parser-js/-/ua-parser-js-0.7.18.tgz#a7bfd92f56edfb117083b69e31d2aa8882d4b1ed"
  
  warning@^3.0.0:
    version "3.0.0"
    resolved "https://registry.yarnpkg.com/warning/-/warning-3.0.0.tgz#32e5377cb572de4ab04753bdf8821c01ed605b7c"
    dependencies:
      loose-envify "^1.0.0"
  
  warning@^4.0.1:
    version "4.0.2"
    resolved "https://registry.yarnpkg.com/warning/-/warning-4.0.2.tgz#aa6876480872116fa3e11d434b0d0d8d91e44607"
    dependencies:
      loose-envify "^1.0.0"
  
  whatwg-fetch@>=0.10.0:
    version "3.0.0"
    resolved "https://registry.yarnpkg.com/whatwg-fetch/-/whatwg-fetch-3.0.0.tgz#fc804e458cc460009b1a2b966bc8817d2578aefb"
